[17:08:44] [Server thread/INFO]: Starting minecraft server version 1.15.2
[17:08:44] [Server thread/INFO]: Loading properties
[17:08:44] [Server console handler/ERROR]: [TerminalConsole] Failed to read console input
java.io.IOException: The handle is invalid
	at java.io.FileInputStream.readBytes(Native Method) ~[?:?]
	at java.io.FileInputStream.read(FileInputStream.java:272) ~[?:?]
	at java.io.BufferedInputStream.read1(BufferedInputStream.java:282) ~[?:?]
	at java.io.BufferedInputStream.read(BufferedInputStream.java:343) ~[?:?]
	at sun.nio.cs.StreamDecoder.readBytes(StreamDecoder.java:297) ~[?:?]
	at sun.nio.cs.StreamDecoder.implRead(StreamDecoder.java:339) ~[?:?]
	at sun.nio.cs.StreamDecoder.read(StreamDecoder.java:188) ~[?:?]
	at java.io.InputStreamReader.read(InputStreamReader.java:181) ~[?:?]
	at java.io.BufferedReader.fill(BufferedReader.java:161) ~[?:?]
	at java.io.BufferedReader.readLine(BufferedReader.java:326) ~[?:?]
	at java.io.BufferedReader.readLine(BufferedReader.java:392) ~[?:?]
	at net.minecrell.terminalconsole.SimpleTerminalConsole.readCommands(SimpleTerminalConsole.java:180) ~[patched_1.15.2.jar:git-Paper-393]
	at net.minecrell.terminalconsole.SimpleTerminalConsole.start(SimpleTerminalConsole.java:143) ~[patched_1.15.2.jar:git-Paper-393]
	at net.minecraft.server.v1_15_R1.DedicatedServer$2.run(DedicatedServer.java:90) ~[patched_1.15.2.jar:git-Paper-393]
	Suppressed: java.io.IOException: The handle is invalid
		at java.io.FileDescriptor.close0(Native Method) ~[?:?]
		at java.io.FileDescriptor.close(FileDescriptor.java:297) ~[?:?]
		at java.io.FileInputStream$1.close(FileInputStream.java:368) ~[?:?]
		at java.io.FileDescriptor.closeAll(FileDescriptor.java:355) ~[?:?]
		at java.io.FileInputStream.close(FileInputStream.java:366) ~[?:?]
		at java.io.BufferedInputStream.close(BufferedInputStream.java:481) ~[?:?]
		at sun.nio.cs.StreamDecoder.implClose(StreamDecoder.java:391) ~[?:?]
		at sun.nio.cs.StreamDecoder.close(StreamDecoder.java:204) ~[?:?]
		at java.io.InputStreamReader.close(InputStreamReader.java:196) ~[?:?]
		at java.io.BufferedReader.close(BufferedReader.java:528) ~[?:?]
		at net.minecrell.terminalconsole.SimpleTerminalConsole.readCommands(SimpleTerminalConsole.java:183) ~[patched_1.15.2.jar:git-Paper-393]
		at net.minecrell.terminalconsole.SimpleTerminalConsole.start(SimpleTerminalConsole.java:143) ~[patched_1.15.2.jar:git-Paper-393]
		at net.minecraft.server.v1_15_R1.DedicatedServer$2.run(DedicatedServer.java:90) ~[patched_1.15.2.jar:git-Paper-393]
[17:08:44] [Server thread/INFO]: This server is running Paper version git-Paper-393 (MC: 1.15.2) (Implementing API version 1.15.2-R0.1-SNAPSHOT)
[17:08:44] [Server thread/INFO]: Debug logging is disabled
[17:08:44] [Server thread/INFO]: Server Ping Player Sample Count: 12
[17:08:44] [Server thread/INFO]: Using 4 threads for Netty based IO
[17:08:44] [Server thread/INFO]: Default game type: SURVIVAL
[17:08:44] [Server thread/INFO]: Generating keypair
[17:08:44] [Server thread/INFO]: Starting Minecraft server on *:12345
[17:08:44] [Server thread/INFO]: Using default channel type
[17:08:45] [Server thread/WARN]: Initializing Legacy Material Support. Unless you have legacy plugins and/or data this is a bug!
[17:08:47] [Server thread/WARN]: Legacy plugin PerWorldHeight v1.0 does not specify an api-version.
[17:08:47] [Server thread/INFO]: [SimpleMobControl] Loading SimpleMobControl v2.0.0
[17:08:47] [Server thread/INFO]: [OldCombatMechanics] Loading OldCombatMechanics v1.10.0
[17:08:47] [Server thread/INFO]: [FastFoodPlus] Loading FastFoodPlus v8.0.0
[17:08:47] [Server thread/INFO]: [ProtocolSupport] Loading ProtocolSupport v4.29-dev
[17:08:47] [Server thread/INFO]: [ProtocolSupport] Detected Spigot server implementation type
[17:08:47] [Server thread/INFO]: [ProtocolSupport] Login threads keep alive time: 60
[17:08:47] [Server thread/INFO]: [ProtocolSupport] Status threads max count: 2, keep alive time: 60
[17:08:47] [Server thread/INFO]: [ProtocolSupport] Packet data pool per io thread capacity: 50(total ~200 spread to 4 io threads)
[17:08:47] [Server thread/INFO]: [ProtocolSupport] Assume 1.5.2 ping delay: 100
[17:08:47] [Server thread/INFO]: [ProtocolSupport] Assume legacy ping delay: 200
[17:08:48] [Server thread/INFO]: [ProtocolSupport] Compression level: 3
[17:08:48] [Server thread/INFO]: [PerWorldHeight] Loading PerWorldHeight v1.0
[17:08:48] [Server thread/INFO]: [Multiverse-Core] Loading Multiverse-Core v4.3.1-b861
[17:08:48] [Server thread/INFO]: [ProtocolSupportStuff] Loading ProtocolSupportStuff v2.0.0
[17:08:48] [Server thread/INFO]: Server permissions file permissions.yml is empty, ignoring it
[17:08:48] [Server thread/INFO]: [ProtocolSupport] Enabling ProtocolSupport v4.29-dev
[17:08:48] [Server thread/ERROR]: [ProtocolSupport] Failed to create entity tracker entry injector
java.lang.IllegalArgumentException: Can't find an entity tracker injector map for type it.unimi.dsi.fastutil.ints.Int2ObjectMap
	at protocolsupport.zplatform.impl.spigot.injector.SpigotEntityTrackerInjector.<init>(SpigotEntityTrackerInjector.java:36) ~[?:?]
	at protocolsupport.zplatform.impl.spigot.injector.SpigotPlatformInjector.onEnable(SpigotPlatformInjector.java:24) ~[?:?]
	at protocolsupport.ProtocolSupport.onEnable(ProtocolSupport.java:102) ~[?:?]
	at org.bukkit.plugin.java.JavaPlugin.setEnabled(JavaPlugin.java:263) ~[patched_1.15.2.jar:git-Paper-393]
	at org.bukkit.plugin.java.JavaPluginLoader.enablePlugin(JavaPluginLoader.java:380) ~[patched_1.15.2.jar:git-Paper-393]
	at org.bukkit.plugin.SimplePluginManager.enablePlugin(SimplePluginManager.java:483) ~[patched_1.15.2.jar:git-Paper-393]
	at org.bukkit.craftbukkit.v1_15_R1.CraftServer.enablePlugin(CraftServer.java:472) ~[patched_1.15.2.jar:git-Paper-393]
	at org.bukkit.craftbukkit.v1_15_R1.CraftServer.enablePlugins(CraftServer.java:386) ~[patched_1.15.2.jar:git-Paper-393]
	at net.minecraft.server.v1_15_R1.DedicatedServer.init(DedicatedServer.java:235) ~[patched_1.15.2.jar:git-Paper-393]
	at net.minecraft.server.v1_15_R1.MinecraftServer.run(MinecraftServer.java:909) ~[patched_1.15.2.jar:git-Paper-393]
	at java.lang.Thread.run(Thread.java:832) [?:?]
[17:08:48] [Server thread/WARN]: **** SERVER IS RUNNING IN OFFLINE/INSECURE MODE!
[17:08:48] [Server thread/WARN]: The server will make no attempt to authenticate usernames. Beware.
[17:08:48] [Server thread/WARN]: While this makes the game possible to play without internet access, it also opens up the ability for hackers to connect with any username they choose.
[17:08:48] [Server thread/WARN]: To change this, set "online-mode" to "true" in the server.properties file.
[17:08:48] [Server thread/INFO]: Preparing level "world"
[17:08:48] [Server thread/ERROR]: Could not set generator for default world 'world': Plugin 'BETA_PLUS' does not exist
[17:08:49] [Server thread/INFO]: Reloading ResourceManager: Default, bukkit
[17:08:49] [Server thread/INFO]: Loaded 6 recipes
[17:08:50] [Server thread/INFO]: -------- World Settings For [world] --------
[17:08:50] [Server thread/INFO]: View Distance: 10
[17:08:50] [Server thread/INFO]: Item Merge Radius: 2.5
[17:08:50] [Server thread/INFO]: Item Despawn Rate: 6000
[17:08:50] [Server thread/INFO]: Arrow Despawn Rate: 1200 Trident Respawn Rate:1200
[17:08:50] [Server thread/INFO]: Allow Zombie Pigmen to spawn from portal blocks: true
[17:08:50] [Server thread/INFO]: Nerfing mobs spawned from spawners: false
[17:08:50] [Server thread/INFO]: Hopper Transfer: 8 Hopper Check: 1 Hopper Amount: 1
[17:08:50] [Server thread/INFO]: Entity Activation Range: An 32 / Mo 32 / Ra 48 / Mi 16 / Tiv true
[17:08:50] [Server thread/INFO]: Entity Tracking Range: Pl 48 / An 48 / Mo 48 / Mi 32 / Other 64
[17:08:50] [Server thread/INFO]: Mob Spawn Range: 8
[17:08:50] [Server thread/INFO]: Experience Merge Radius: 3.0
[17:08:50] [Server thread/INFO]: Cactus Growth Modifier: 100%
[17:08:50] [Server thread/INFO]: Cane Growth Modifier: 100%
[17:08:50] [Server thread/INFO]: Melon Growth Modifier: 100%
[17:08:50] [Server thread/INFO]: Mushroom Growth Modifier: 100%
[17:08:50] [Server thread/INFO]: Pumpkin Growth Modifier: 100%
[17:08:50] [Server thread/INFO]: Sapling Growth Modifier: 100%
[17:08:50] [Server thread/INFO]: Beetroot Growth Modifier: 100%
[17:08:50] [Server thread/INFO]: Carrot Growth Modifier: 100%
[17:08:50] [Server thread/INFO]: Potato Growth Modifier: 100%
[17:08:50] [Server thread/INFO]: Wheat Growth Modifier: 100%
[17:08:50] [Server thread/INFO]: NetherWart Growth Modifier: 100%
[17:08:50] [Server thread/INFO]: Vine Growth Modifier: 100%
[17:08:50] [Server thread/INFO]: Cocoa Growth Modifier: 100%
[17:08:50] [Server thread/INFO]: Bamboo Growth Modifier: 100%
[17:08:50] [Server thread/INFO]: SweetBerry Growth Modifier: 100%
[17:08:50] [Server thread/INFO]: Kelp Growth Modifier: 100%
[17:08:50] [Server thread/INFO]: Zombie Aggressive Towards Villager: true
[17:08:50] [Server thread/INFO]: Custom Map Seeds:  Village: 10387312 Desert: 14357617 Igloo: 14357618 Jungle: 14357619 Swamp: 14357620 Monument: 10387313 Ocean: 14357621 Shipwreck: 165745295 End City: 10387313 Slime: 987234911
[17:08:50] [Server thread/INFO]: Tile Max Tick Time: 50ms Entity max Tick Time: 50ms
[17:08:50] [Server thread/INFO]: Max TNT Explosions: 100
[17:08:50] [Server thread/INFO]: -------- World Settings For [world_nether] --------
[17:08:50] [Server thread/INFO]: View Distance: 10
[17:08:50] [Server thread/INFO]: Item Merge Radius: 2.5
[17:08:50] [Server thread/INFO]: Item Despawn Rate: 6000
[17:08:50] [Server thread/INFO]: Arrow Despawn Rate: 1200 Trident Respawn Rate:1200
[17:08:50] [Server thread/INFO]: Allow Zombie Pigmen to spawn from portal blocks: true
[17:08:50] [Server thread/INFO]: Nerfing mobs spawned from spawners: false
[17:08:50] [Server thread/INFO]: Hopper Transfer: 8 Hopper Check: 1 Hopper Amount: 1
[17:08:50] [Server thread/INFO]: Entity Activation Range: An 32 / Mo 32 / Ra 48 / Mi 16 / Tiv true
[17:08:50] [Server thread/INFO]: Entity Tracking Range: Pl 48 / An 48 / Mo 48 / Mi 32 / Other 64
[17:08:50] [Server thread/INFO]: Mob Spawn Range: 8
[17:08:50] [Server thread/INFO]: Experience Merge Radius: 3.0
[17:08:50] [Server thread/INFO]: Cactus Growth Modifier: 100%
[17:08:50] [Server thread/INFO]: Cane Growth Modifier: 100%
[17:08:50] [Server thread/INFO]: Melon Growth Modifier: 100%
[17:08:50] [Server thread/INFO]: Mushroom Growth Modifier: 100%
[17:08:50] [Server thread/INFO]: Pumpkin Growth Modifier: 100%
[17:08:50] [Server thread/INFO]: Sapling Growth Modifier: 100%
[17:08:50] [Server thread/INFO]: Beetroot Growth Modifier: 100%
[17:08:50] [Server thread/INFO]: Carrot Growth Modifier: 100%
[17:08:50] [Server thread/INFO]: Potato Growth Modifier: 100%
[17:08:50] [Server thread/INFO]: Wheat Growth Modifier: 100%
[17:08:50] [Server thread/INFO]: NetherWart Growth Modifier: 100%
[17:08:50] [Server thread/INFO]: Vine Growth Modifier: 100%
[17:08:50] [Server thread/INFO]: Cocoa Growth Modifier: 100%
[17:08:50] [Server thread/INFO]: Bamboo Growth Modifier: 100%
[17:08:50] [Server thread/INFO]: SweetBerry Growth Modifier: 100%
[17:08:50] [Server thread/INFO]: Kelp Growth Modifier: 100%
[17:08:50] [Server thread/INFO]: Zombie Aggressive Towards Villager: true
[17:08:50] [Server thread/INFO]: Custom Map Seeds:  Village: 10387312 Desert: 14357617 Igloo: 14357618 Jungle: 14357619 Swamp: 14357620 Monument: 10387313 Ocean: 14357621 Shipwreck: 165745295 End City: 10387313 Slime: 987234911
[17:08:50] [Server thread/INFO]: Tile Max Tick Time: 50ms Entity max Tick Time: 50ms
[17:08:50] [Server thread/INFO]: Max TNT Explosions: 100
[17:08:50] [Server thread/INFO]: Preparing start region for dimension 'world'/minecraft:overworld
[17:08:50] [Server thread/INFO]: Loaded 0 spawn chunks for world world
[17:08:50] [Server thread/INFO]: Preparing spawn area: 0%
[17:08:50] [Server thread/INFO]: Time elapsed: 201 ms
[17:08:50] [Server thread/INFO]: Preparing start region for dimension 'world_nether'/minecraft:the_nether
[17:08:50] [Server thread/INFO]: Loaded 0 spawn chunks for world world_nether
[17:08:50] [Server thread/INFO]: Preparing spawn area: 0%
[17:08:50] [Server thread/INFO]: Time elapsed: 473 ms
[17:08:50] [Server thread/INFO]: [SimpleMobControl] Enabling SimpleMobControl v2.0.0
[17:08:50] [Server thread/INFO]: [OldCombatMechanics] Enabling OldCombatMechanics v1.10.0
[17:08:50] [Server thread/INFO]: [OldCombatMechanics] OldCombatMechanics v1.10.0 has been enabled
[17:08:50] [Server thread/INFO]: [FastFoodPlus] Enabling FastFoodPlus v8.0.0
[17:08:51] [Server thread/INFO]: -=(FastFoodPlus)=- config.yml has been loaded.
[17:08:51] [Server thread/INFO]: -=(FastFoodPlus)=- foods.yml has been loaded.
[17:08:51] [Server thread/INFO]: -=(FastFoodPlus)=- recipes.yml has been loaded.
[17:08:51] [Server thread/INFO]: -=(FastFoodPlus)=- Configuration file is up to date. - (v33)
[17:08:51] [Server thread/INFO]: [PerWorldHeight] Enabling PerWorldHeight v1.0*
[17:08:51] [Server thread/INFO]: [Multiverse-Core] Enabling Multiverse-Core v4.3.1-b861
[17:08:51] [Server thread/WARN]: [Multiverse-Core] "Multiverse-Core v4.3.1-b861" has registered a listener for org.bukkit.event.entity.EntityCreatePortalEvent on method "public void com.onarandombox.MultiverseCore.listeners.MVPortalListener.entityPortalCreate(org.bukkit.event.entity.EntityCreatePortalEvent)", but the event is Deprecated. "Server performance will be affected"; please notify the authors [dumptruckman, Rigby, fernferret, lithium3141, main--].
[17:08:51] [Server thread/INFO]: [Multiverse-Core] We are aware of the warning about the deprecated event. There is no alternative that allows us to do what we need to do and performance impact is negligible. It is safe to ignore.
[17:08:51] [Server thread/INFO]: Could not set generator for world 'world': Plugin 'OldGenerator' does not exist
[17:08:51] [Server thread/INFO]: Could not set generator for world 'world_the_end': Plugin 'OldGenerator' does not exist
[17:08:51] [Server thread/WARN]: [Multiverse-Core] WorldManager: Can't load this world because the folder was deleted/moved: world_the_end
[17:08:51] [Server thread/WARN]: [Multiverse-Core] Use '/mv remove' to remove it from the config!
[17:08:51] [Server thread/INFO]: Could not set generator for world 'world_nether': Plugin 'OldGenerator' does not exist
[17:08:51] [Server thread/WARN]: [Multiverse-Core] WorldManager: Can't load this world because the folder was deleted/moved: world_test2
[17:08:51] [Server thread/WARN]: [Multiverse-Core] Use '/mv remove' to remove it from the config!
[17:08:51] [Server thread/INFO]: [Multiverse-Core] 2 - World(s) loaded.
[17:08:51] [ForkJoinPool.commonPool-worker-19/INFO]: -=(FastFoodPlus)=- Checking for updates...
[17:08:51] [Server thread/WARN]: Warning: Nashorn engine is planned to be removed from a future JDK release
[17:08:51] [Server thread/INFO]: [Multiverse-Core] Version 4.3.1-b861 (API v24) Enabled - By dumptruckman, Rigby, fernferret, lithium3141 and main--
[17:08:51] [Server thread/INFO]: [ProtocolSupportStuff] Enabling ProtocolSupportStuff v2.0.0
[17:08:51] [Server thread/ERROR]: Cannot load plugins\ProtocolSupportStuff\config.yml
org.bukkit.configuration.InvalidConfigurationException: mapping values are not allowed here
 in 'string', line 194, column 5:
      to: AIR
        ^

	at org.bukkit.configuration.file.YamlConfiguration.loadFromString(YamlConfiguration.java:56) ~[patched_1.15.2.jar:git-Paper-393]
	at org.bukkit.configuration.file.FileConfiguration.load(FileConfiguration.java:160) ~[patched_1.15.2.jar:git-Paper-393]
	at org.bukkit.configuration.file.FileConfiguration.load(FileConfiguration.java:128) ~[patched_1.15.2.jar:git-Paper-393]
	at org.bukkit.configuration.file.YamlConfiguration.loadConfiguration(YamlConfiguration.java:183) ~[patched_1.15.2.jar:git-Paper-393]
	at org.bukkit.plugin.java.JavaPlugin.reloadConfig(JavaPlugin.java:157) ~[patched_1.15.2.jar:git-Paper-393]
	at org.bukkit.plugin.java.JavaPlugin.getConfig(JavaPlugin.java:133) ~[patched_1.15.2.jar:git-Paper-393]
	at net.perfectdreams.protocolsupportstuff.libs.acf.BukkitCommandManager.<init>(BukkitCommandManager.java:133) ~[?:?]
	at net.perfectdreams.protocolsupportstuff.libs.acf.PaperCommandManager.<init>(PaperCommandManager.java:35) ~[?:?]
	at net.perfectdreams.protocolsupportstuff.ProtocolSupportStuff.onEnable(ProtocolSupportStuff.kt:43) ~[?:?]
	at org.bukkit.plugin.java.JavaPlugin.setEnabled(JavaPlugin.java:263) ~[patched_1.15.2.jar:git-Paper-393]
	at org.bukkit.plugin.java.JavaPluginLoader.enablePlugin(JavaPluginLoader.java:380) ~[patched_1.15.2.jar:git-Paper-393]
	at org.bukkit.plugin.SimplePluginManager.enablePlugin(SimplePluginManager.java:483) ~[patched_1.15.2.jar:git-Paper-393]
	at org.bukkit.craftbukkit.v1_15_R1.CraftServer.enablePlugin(CraftServer.java:472) ~[patched_1.15.2.jar:git-Paper-393]
	at org.bukkit.craftbukkit.v1_15_R1.CraftServer.enablePlugins(CraftServer.java:386) ~[patched_1.15.2.jar:git-Paper-393]
	at net.minecraft.server.v1_15_R1.MinecraftServer.a(MinecraftServer.java:488) ~[patched_1.15.2.jar:git-Paper-393]
	at net.minecraft.server.v1_15_R1.DedicatedServer.init(DedicatedServer.java:298) ~[patched_1.15.2.jar:git-Paper-393]
	at net.minecraft.server.v1_15_R1.MinecraftServer.run(MinecraftServer.java:909) ~[patched_1.15.2.jar:git-Paper-393]
	at java.lang.Thread.run(Thread.java:832) [?:?]
Caused by: org.yaml.snakeyaml.scanner.ScannerException: mapping values are not allowed here
 in 'string', line 194, column 5:
      to: AIR
        ^

	at org.yaml.snakeyaml.scanner.ScannerImpl.fetchValue(ScannerImpl.java:870) ~[patched_1.15.2.jar:git-Paper-393]
	at org.yaml.snakeyaml.scanner.ScannerImpl.fetchMoreTokens(ScannerImpl.java:358) ~[patched_1.15.2.jar:git-Paper-393]
	at org.yaml.snakeyaml.scanner.ScannerImpl.checkToken(ScannerImpl.java:227) ~[patched_1.15.2.jar:git-Paper-393]
	at org.yaml.snakeyaml.parser.ParserImpl$ParseIndentlessSequenceEntry.produce(ParserImpl.java:530) ~[patched_1.15.2.jar:git-Paper-393]
	at org.yaml.snakeyaml.parser.ParserImpl.peekEvent(ParserImpl.java:158) ~[patched_1.15.2.jar:git-Paper-393]
	at org.yaml.snakeyaml.parser.ParserImpl.checkEvent(ParserImpl.java:148) ~[patched_1.15.2.jar:git-Paper-393]
	at org.yaml.snakeyaml.composer.Composer.composeSequenceNode(Composer.java:190) ~[patched_1.15.2.jar:git-Paper-393]
	at org.yaml.snakeyaml.composer.Composer.composeNode(Composer.java:142) ~[patched_1.15.2.jar:git-Paper-393]
	at org.yaml.snakeyaml.composer.Composer.composeValueNode(Composer.java:239) ~[patched_1.15.2.jar:git-Paper-393]
	at org.yaml.snakeyaml.composer.Composer.composeMappingChildren(Composer.java:230) ~[patched_1.15.2.jar:git-Paper-393]
	at org.yaml.snakeyaml.composer.Composer.composeMappingNode(Composer.java:218) ~[patched_1.15.2.jar:git-Paper-393]
	at org.yaml.snakeyaml.composer.Composer.composeNode(Composer.java:144) ~[patched_1.15.2.jar:git-Paper-393]
	at org.yaml.snakeyaml.composer.Composer.getNode(Composer.java:85) ~[patched_1.15.2.jar:git-Paper-393]
	at org.yaml.snakeyaml.composer.Composer.getSingleNode(Composer.java:108) ~[patched_1.15.2.jar:git-Paper-393]
	at org.yaml.snakeyaml.constructor.BaseConstructor.getSingleData(BaseConstructor.java:141) ~[patched_1.15.2.jar:git-Paper-393]
	at org.yaml.snakeyaml.Yaml.loadFromReader(Yaml.java:525) ~[patched_1.15.2.jar:git-Paper-393]
	at org.yaml.snakeyaml.Yaml.load(Yaml.java:438) ~[patched_1.15.2.jar:git-Paper-393]
	at org.bukkit.configuration.file.YamlConfiguration.loadFromString(YamlConfiguration.java:54) ~[patched_1.15.2.jar:git-Paper-393]
	... 17 more
[17:08:51] [Server thread/INFO]: [ProtocolSupportStuff] [ACF] Enabled Asynchronous Tab Completion Support!
[17:08:51] [Server thread/INFO]: Running delayed init tasks
[17:08:51] [Server thread/INFO]: Done (7.422s)! For help, type "help"
[17:08:51] [Craft Scheduler Thread - 3/INFO]: -=(FastFoodPlus)=- -=-=-=-=-=-=-=-=-=-=-=-=-=-=-=-=-=-
[17:08:51] [Craft Scheduler Thread - 3/INFO]: -=(FastFoodPlus)=-   There is an update available!
[17:08:51] [Craft Scheduler Thread - 3/INFO]: -=(FastFoodPlus)=-   Current Version: v8.0.0
[17:08:51] [Craft Scheduler Thread - 3/INFO]: -=(FastFoodPlus)=-   Latest Version: v9.1.1
[17:08:51] [Craft Scheduler Thread - 3/INFO]: -=(FastFoodPlus)=- -=-=-=-=-=-=-=-=-=-=-=-=-=-=-=-=-=-
[17:08:51] [Server thread/INFO]: Timings Reset
[17:09:40] [LoginProcessingThread/INFO]: UUID of player picklface is 43e211c5-a364-3267-914e-f9766adf7d44
[17:09:41] [Server thread/INFO]: picklface joined the game
[17:09:41] [Server thread/INFO]: picklface[/127.0.0.1:59353] logged in with entity id 284 at ([world]59.5, 70.0, -19.5)
[17:12:46] [Server thread/INFO]: picklface lost connection: Disconnected
[17:12:46] [Server thread/INFO]: picklface left the game
[17:14:24] [Server thread/INFO]: Stopping server
[17:14:24] [Server thread/INFO]: [ProtocolSupportStuff] Disabling ProtocolSupportStuff v2.0.0
[17:14:24] [Server thread/INFO]: [Multiverse-Core] Disabling Multiverse-Core v4.3.1-b861
[17:14:24] [Server thread/INFO]: [PerWorldHeight] Disabling PerWorldHeight v1.0
[17:14:24] [Server thread/INFO]: [ProtocolSupport] Disabling ProtocolSupport v4.29-dev
[17:14:24] [Server thread/INFO]: [FastFoodPlus] Disabling FastFoodPlus v8.0.0
[17:14:24] [Server thread/INFO]: [OldCombatMechanics] Disabling OldCombatMechanics v1.10.0
[17:14:24] [Server thread/INFO]: [OldCombatMechanics] OldCombatMechanics v1.10.0 has been disabled
[17:14:24] [Server thread/INFO]: [SimpleMobControl] Disabling SimpleMobControl v2.0.0
[17:14:24] [Server thread/INFO]: Saving players
[17:14:25] [Server thread/INFO]: Saving worlds
[17:14:25] [Server thread/INFO]: Saving chunks for level 'world'/minecraft:overworld
[17:14:25] [Server thread/INFO]: ThreadedAnvilChunkStorage (world): All chunks are saved
[17:14:25] [Server thread/INFO]: Saving chunks for level 'world_nether'/minecraft:the_nether
[17:14:25] [Server thread/INFO]: ThreadedAnvilChunkStorage (DIM-1): All chunks are saved
[17:14:25] [Server thread/INFO]: ThreadedAnvilChunkStorage (world): All chunks are saved
[17:14:25] [Server thread/INFO]: ThreadedAnvilChunkStorage (DIM-1): All chunks are saved
[17:14:25] [Server thread/INFO]: Flushing Chunk IO
[17:14:25] [Server thread/INFO]: Closing Thread Pool
[17:14:25] [Server thread/INFO]: Closing Server
